[f0000001] Builder#0 starts den at (11,90)
[f0000001] Builder#1 starts den at (187,90)
[f0000255] Builder mines (15,89)
[f0000289] Builder places at (182,93)
[f0000317] Builder#0 carves (10,90)
[f0000317] Builder places at (183,93)
[f0000341] Builder#0 carves (12,90)
[f0000356] Builder places at (184,93)
[f0000365] Builder#0 carves (12,89)
[f0000409] Builder#0 carves (9,90)
[f0000414] Builder#1 carves (188,90)
[f0000433] Builder#0 builds Wood at (9,90)
[f0000457] Builder#0 carves (9,89)
[f0000468] Builder places at (184,96)
[f0000481] Builder#0 builds Wood at (9,89)
[f0000496] Builder places at (183,96)
[f0000505] Builder#0 carves (9,88)
[f0000529] Builder#0 builds Wood at (9,88)
[f0000535] Builder places at (182,96)
[f0000553] Builder#0 builds Wood at (13,88)
[f0000574] Builder places at (181,96)
[f0000577] Builder#0 carves (9,87)
[f0000601] Builder#0 builds Wood at (9,87)
[f0000613] Builder places at (180,96)
[f0000625] Builder#0 builds Wood at (10,87)
[f0000649] Builder#0 builds Wood at (11,87)
[f0000652] Builder places at (179,96)
[f0000673] Builder#0 builds Wood at (12,87)
[f0000691] Builder places at (178,96)
[f0000697] Builder#0 carves (13,87)
[f0000721] Builder#0 builds Wood at (13,87)
[f0000722] Builder#0 den complete at (11,90)
[f0000730] Builder places at (177,96)
[f0000769] Builder places at (176,96)
[f0000808] Builder places at (175,96)
[f0000843] Builder#0 prospecting Iron_Ore at (20,91)
[f0000847] Builder places at (174,96)
[f0000886] Builder places at (173,96)
[f0000925] Builder places at (172,96)
[f0000964] Builder places at (171,96)
[f0000966] Builder#0 harvests Iron_Ore at (20,91)
[f0001003] Builder mines (170,95)
[f0001042] Builder mines (169,95)
[f0001081] Builder mines (168,95)
[f0001082] Builder#0 encases den with Iron_Ore at (9,86)
[f0001083] Builder#0 prospecting Iron_Ore at (8,99)
[f0001120] Builder mines (167,95)
[f0001153] Builder mines (10,91)
[f0001159] Builder mines (166,95)
[f0001198] Builder mines (165,95)
[f0001224] Builder mines (10,92)
[f0001237] Builder mines (164,95)
[f0001249] Builder mines (10,93)
[f0001274] Builder mines (10,94)
[f0001276] Builder mines (163,95)
[f0001332] Builder#0 harvests Iron_Ore at (8,99)
[f0001333] Builder places at (163,95)
[f0001357] Builder places at (10,97)
[f0001369] Builder mines (164,93)
[f0001385] Builder places at (11,97)
[f0001424] Builder places at (12,97)
[f0001433] Builder mines (167,91)
[f0001463] Builder places at (13,97)
[f0001502] Builder places at (14,97)
[f0001502] Builder places at (166,92)
[f0001531] Builder places at (167,91)
[f0001541] Builder mines (15,96)
[f0001580] Builder mines (16,96)
[f0001619] Builder mines (17,96)
[f0001625] Builder places at (170,91)
[f0001658] Builder mines (18,96)
[f0001664] Builder places at (171,91)
[f0001703] Builder places at (172,91)
[f0001712] Builder places at (18,96)
[f0001742] Builder places at (173,91)
[f0001761] Builder places at (18,95)
[f0001781] Builder places at (174,91)
[f0001786] Builder places at (19,95)
[f0001816] Builder places at (20,95)
[f0001818] Builder mines (175,90)
[f0001855] Builder places at (21,95)
[f0001857] Builder mines (176,90)
[f0001894] Builder places at (22,95)
[f0001896] Builder mines (177,90)
[f0001933] Builder places at (23,95)
[f0001935] Builder mines (178,90)
[f0001972] Builder places at (24,95)
[f0002011] Builder places at (25,95)
[f0002050] Builder places at (26,95)
[f0002089] Builder places at (27,95)
[f0002113] Builder#1 carves (189,90)
[f0002128] Builder places at (28,95)
[f0002137] Builder#1 carves (188,89)
[f0002161] Builder#1 builds Wood at (185,90)
[f0002167] Builder mines (29,93)
[f0002185] Builder#1 builds Wood at (185,89)
[f0002209] Builder#1 builds Wood at (185,88)
[f0002233] Builder#1 carves (189,88)
[f0002254] Builder mines (32,92)
[f0002257] Builder#1 builds Wood at (189,88)
[f0002291] Builder#1 builds Wood at (185,87)
[f0002308] Builder mines (33,93)
[f0002315] Builder#1 carves (186,87)
[f0002339] Builder#1 builds Wood at (186,87)
[f0002348] Builder mines (34,93)
[f0002369] Builder#1 builds Wood at (187,87)
[f0002377] Builder places at (35,94)
[f0002393] Builder#1 builds Wood at (188,87)
[f0002416] Builder places at (36,94)
[f0002417] Builder#1 carves (189,87)
[f0002447] Builder#1 builds Wood at (189,87)
[f0002448] Builder#1 den complete at (187,90)
[f0002455] Builder places at (37,94)
[f0002494] Builder places at (38,94)
[f0002533] Builder places at (39,94)
[f0002569] Builder#1 prospecting Iron_Ore at (186,99)
[f0002572] Builder places at (40,94)
[f0002611] Builder places at (41,94)
[f0002618] Builder mines (185,96)
[f0002650] Builder places at (42,94)
[f0002654] Builder#1 harvests Iron_Ore at (186,99)
[f0002689] Builder mines (43,93)
[f0002728] Builder places at (44,94)
[f0002767] Builder places at (45,94)
[f0002806] Builder places at (46,94)
[f0002905] Builder mines (50,91)
[f0002974] Builder places at (49,92)
[f0002989] Builder mines (163,95)
[f0003003] Builder places at (50,91)
[f0003036] Builder places at (51,91)
[f0003073] Builder mines (166,92)
[f0003077] Builder places at (52,91)
[f0003114] Builder mines (53,89)
[f0003142] Builder places at (165,93)
[f0003171] Builder places at (166,92)
[f0003183] Builder places at (52,90)
[f0003209] Builder places at (53,89)
[f0003234] Builder places at (52,89)
[f0003259] Builder places at (51,89)
[f0003298] Builder places at (50,89)
[f0003337] Builder places at (49,89)
[f0003376] Builder places at (48,89)
[f0003415] Builder places at (47,89)
[f0003454] Builder mines (46,88)
[f0003493] Builder mines (45,88)
[f0003532] Builder mines (44,88)
[f0003551] Builder#1 encases den with Iron_Ore at (184,86)
[f0003552] Builder#1 prospecting Silver_Ore at (183,99)
[f0003571] Builder mines (43,88)
[f0003610] Builder mines (42,88)
[f0003649] Builder mines (41,88)
[f0003697] Builder mines (40,88)
[f0003727] Builder places at (39,89)
[f0003766] Builder places at (38,89)
[f0003805] Builder places at (37,89)
[f0003844] Builder places at (36,89)
[f0003883] Builder places at (35,89)
[f0003922] Builder places at (34,89)
[f0003961] Builder places at (33,89)
[f0004000] Builder mines (32,88)
[f0004039] Builder mines (31,88)
[f0004078] Builder mines (30,88)
[f0004117] Builder places at (29,89)
[f0004156] Builder places at (28,89)
[f0004195] Builder places at (27,89)
[f0004234] Builder places at (26,89)
[f0004273] Builder places at (25,89)
[f0004312] Builder places at (24,89)
[f0004351] Builder places at (23,89)
[f0004592] Builder#0 encases den with Iron_Ore at (10,86)
[f0004593] Builder#0 prospecting Iron_Ore at (1,91)
[f0004726] Builder places at (9,95)
[f0004752] Builder places at (8,95)
[f0004806] Builder places at (6,95)
[f0004845] Builder places at (5,95)
[f0004884] Builder places at (4,95)
[f0004927] Builder#0 harvests Iron_Ore at (1,91)
[f0005145] Builder mines (18,96)
[f0005214] Builder places at (21,97)
[f0005253] Builder places at (22,97)
[f0005354] Builder places at (26,98)
[f0005380] Builder places at (27,98)
[f0005419] Builder places at (28,98)
[f0005458] Builder places at (29,98)
[f0005497] Builder mines (30,97)
[f0005536] Builder mines (31,97)
[f0005575] Builder mines (32,97)
[f0005614] Builder mines (33,97)
[f0006140] Builder places at (56,103)
[f0006169] Builder places at (57,103)
[f0006418] Builder places at (70,103)
[f0006447] Builder places at (71,103)
[f0006676] Builder mines (82,102)
[f0006745] Builder places at (81,103)
[f0006771] Builder places at (82,102)
[f0006805] Builder mines (84,100)
[f0006846] Builder mines (85,100)
[f0006883] Builder mines (86,100)
